<?xml version="1.0" encoding="UTF-8"?>
<testsuite xmlns:xsi="http://www.w3.org/2001/XMLSchema-instance" xsi:noNamespaceSchemaLocation="https://maven.apache.org/surefire/maven-surefire-plugin/xsd/surefire-test-report.xsd" version="3.0.2" name="fr.siggeac.app_siggeac.AppSiggeacApplicationTests" time="6.862" tests="1" errors="0" skipped="0" failures="0">
  <properties>
[...]
</properties>
  <testcase name="contextLoads" classname="fr.siggeac.app_siggeac.AppSiggeacApplicationTests" time="0.919">
    <system-out><![CDATA[15:56:07.531 [main] INFO org.springframework.test.context.support.AnnotationConfigContextLoaderUtils -- Could not detect default configuration classes for test class [fr.siggeac.app_siggeac.AppSiggeacApplicationTests]: AppSiggeacApplicationTests does not declare any static, non-private, non-final, nested classes annotated with @Configuration.
15:56:07.711 [main] INFO org.springframework.boot.test.context.SpringBootTestContextBootstrapper -- Found @SpringBootConfiguration fr.siggeac.app_siggeac.AppSiggeacApplication for test class fr.siggeac.app_siggeac.AppSiggeacApplicationTests

  .   ____          _            __ _ _
 /\\ / ___'_ __ _ _(_)_ __  __ _ \ \ \ \
( ( )\___ | '_ | '_| | '_ \/ _` | \ \ \ \
 \\/  ___)| |_)| | | | | || (_| |  ) ) ) )
  '  |____| .__|_| |_|_| |_\__, | / / / /
 =========|_|==============|___/=/_/_/_/

 :: Spring Boot ::                (v3.4.5)

2025-05-09T15:56:08.354+01:00  INFO 60380 --- [siggeac-apps] [           main] f.s.a.AppSiggeacApplicationTests         : Starting AppSiggeacApplicationTests using Java 21.0.6 with PID 60380 (started by pierr in C:\Users\pierr\Documents\Module_UCAC-ICAM\Sherbrooke\INFO323\TP\TP_Projet)
2025-05-09T15:56:08.356+01:00  INFO 60380 --- [siggeac-apps] [           main] f.s.a.AppSiggeacApplicationTests         : No active profile set, falling back to 1 default profile: "default"
2025-05-09T15:56:10.113+01:00  INFO 60380 --- [siggeac-apps] [           main] com.zaxxer.hikari.HikariDataSource       : HikariPool-1 - Starting...
2025-05-09T15:56:10.506+01:00  INFO 60380 --- [siggeac-apps] [           main] com.zaxxer.hikari.pool.HikariPool        : HikariPool-1 - Added connection org.postgresql.jdbc.PgConnection@53aa38be
2025-05-09T15:56:10.508+01:00  INFO 60380 --- [siggeac-apps] [           main] com.zaxxer.hikari.HikariDataSource       : HikariPool-1 - Start completed.
2025-05-09T15:56:12.768+01:00  WARN 60380 --- [siggeac-apps] [           main] org.jline                                : Unable to create a system terminal, creating a dumb terminal (enable debug logging for more information)
2025-05-09T15:56:13.206+01:00  INFO 60380 --- [siggeac-apps] [           main] f.s.a.AppSiggeacApplicationTests         : Started AppSiggeacApplicationTests in 5.254 seconds (process running for 6.606)
]]></system-out>
    <system-err><![CDATA[Mockito is currently self-attaching to enable the inline-mock-maker. This will no longer work in future releases of the JDK. Please add Mockito as an agent to your build what is described in Mockito's documentation: https://javadoc.io/doc/org.mockito/mockito-core/latest/org/mockito/Mockito.html#0.3
WARNING: A Java agent has been loaded dynamically (C:\Users\pierr\.m2\repository\net\bytebuddy\byte-buddy-agent\1.15.11\byte-buddy-agent-1.15.11.jar)
WARNING: If a serviceability tool is in use, please run with -XX:+EnableDynamicAgentLoading to hide this warning
WARNING: If a serviceability tool is not in use, please run with -Djdk.instrument.traceUsage for more information
WARNING: Dynamic loading of agents will be disallowed by default in a future release
]]></system-err>
  </testcase>
</testsuite>